Using pre-set license
Built from '2020.3/staging' branch; Version is '2020.3.11f1 (99c7afb366b3) revision 10078127'; Using compiler version '192528614'; Build Type 'Release'
OS: 'Windows 10 Home; OS build 19041.1052; Version 2004; 64bit' Language: 'en' Physical Memory: 16303 MB
BatchMode: 1, IsHumanControllingUs: 0, StartBugReporterOnCrash: 0, Is64bit: 1, IsPro: 0

 COMMAND LINE ARGUMENTS:
D:\Programs\Unity\Unity Editors\2020.3.11f1\Editor\Unity.exe
-adb2
-batchMode
-noUpm
-name
AssetImportWorker0
-projectPath
D:/Programs/Unity/Unity Projects/Dreams On Demand
-logFile
Logs/AssetImportWorker0.log
-srvPort
61938
Successfully changed project path to: D:/Programs/Unity/Unity Projects/Dreams On Demand
D:/Programs/Unity/Unity Projects/Dreams On Demand
Using Asset Import Pipeline V2.
Refreshing native plugins compatible for Editor in 20.40 ms, found 2 plugins.
Preloading 0 native plugins for Editor in 0.00 ms.
Initialize engine version: 2020.3.11f1 (99c7afb366b3)
[Subsystems] Discovering subsystems at path D:/Programs/Unity/Unity Editors/2020.3.11f1/Editor/Data/Resources/UnitySubsystems
[Subsystems] Discovering subsystems at path D:/Programs/Unity/Unity Projects/Dreams On Demand/Assets
GfxDevice: creating device client; threaded=0
Direct3D:
    Version:  Direct3D 11.0 [level 11.1]
    Renderer: NVIDIA GeForce RTX 2080 SUPER (ID=0x1e81)
    Vendor:   
    VRAM:     8010 MB
    Driver:   27.21.14.6663
Initialize mono
Mono path[0] = 'D:/Programs/Unity/Unity Editors/2020.3.11f1/Editor/Data/Managed'
Mono path[1] = 'D:/Programs/Unity/Unity Editors/2020.3.11f1/Editor/Data/MonoBleedingEdge/lib/mono/unityjit'
Mono config path = 'D:/Programs/Unity/Unity Editors/2020.3.11f1/Editor/Data/MonoBleedingEdge/etc'
Using monoOptions --debugger-agent=transport=dt_socket,embedding=1,server=y,suspend=n,address=127.0.0.1:56272
Begin MonoManager ReloadAssembly
Registering precompiled unity dll's ...
Register platform support module: D:/Programs/Unity/Unity Editors/2020.3.11f1/Editor/Data/PlaybackEngines/WindowsStandaloneSupport/UnityEditor.WindowsStandalone.Extensions.dll
Registered in 0.000715 seconds.
Native extension for WindowsStandalone target not found
Refreshing native plugins compatible for Editor in 20.94 ms, found 2 plugins.
Preloading 0 native plugins for Editor in 0.00 ms.
Mono: successfully reloaded assembly
- Completed reload, in  0.681 seconds
Platform modules already initialized, skipping
Registering precompiled user dll's ...
Registered in 0.001610 seconds.
Begin MonoManager ReloadAssembly
Native extension for WindowsStandalone target not found
Refreshing native plugins compatible for Editor in 0.25 ms, found 2 plugins.
Preloading 0 native plugins for Editor in 0.00 ms.
Mono: successfully reloaded assembly
- Completed reload, in  0.776 seconds
Platform modules already initialized, skipping
========================================================================
Worker process is ready to serve import requests
Launched and connected shader compiler UnityShaderCompiler.exe after 0.05 seconds
Refreshing native plugins compatible for Editor in 0.29 ms, found 2 plugins.
Preloading 0 native plugins for Editor in 0.00 ms.
Unloading 1386 Unused Serialized files (Serialized files now loaded: 0)
System memory in use before: 64.6 MB.
System memory in use after: 64.7 MB.

Unloading 19 unused Assets to reduce memory usage. Loaded Objects now: 1819.
Total: 1.647000 ms (FindLiveObjects: 0.121500 ms CreateObjectMapping: 0.037400 ms MarkObjects: 1.421200 ms  DeleteObjects: 0.065900 ms)

========================================================================
Received Import Request.
  path: Assets/Scenes
  artifactKey: Guid(a180bfdb7cdcb844689b70d7af54382a) Importer(815301076,1909f56bfc062723c751e8b465ee728b)
Start importing Assets/Scenes using Guid(a180bfdb7cdcb844689b70d7af54382a) Importer(815301076,1909f56bfc062723c751e8b465ee728b)  -> (artifact id: 'c49251b645cea7b09a116fa9d9642121') in 0.031908 seconds
  Import took 0.033615 seconds .

========================================================================
Received Import Request.
  Time since last request: 2.131537 seconds.
  path: Assets/Scenes/SampleScene.unity
  artifactKey: Guid(9fc0d4010bbf28b4594072e72b8655ab) Importer(815301076,1909f56bfc062723c751e8b465ee728b)
Start importing Assets/Scenes/SampleScene.unity using Guid(9fc0d4010bbf28b4594072e72b8655ab) Importer(815301076,1909f56bfc062723c751e8b465ee728b)  -> (artifact id: '85059f4f9e1a832ed95adaa0d25c5c4c') in 0.007128 seconds
  Import took 0.008835 seconds .

========================================================================
Received Import Request.
  Time since last request: 10.007014 seconds.
  path: Assets/Scenes/FINAL.unity
  artifactKey: Guid(9fc0d4010bbf28b4594072e72b8655ab) Importer(815301076,1909f56bfc062723c751e8b465ee728b)
Start importing Assets/Scenes/FINAL.unity using Guid(9fc0d4010bbf28b4594072e72b8655ab) Importer(815301076,1909f56bfc062723c751e8b465ee728b)  -> (artifact id: '9670181132fcd3896deef21392eac2dc') in 0.001295 seconds
  Import took 0.003046 seconds .

========================================================================
Received Import Request.
  Time since last request: 4.900820 seconds.
  path: Assets/Scenes/Amanda.unity
  artifactKey: Guid(c80dd44031783634a91e8aff33c30860) Importer(815301076,1909f56bfc062723c751e8b465ee728b)
Start importing Assets/Scenes/Amanda.unity using Guid(c80dd44031783634a91e8aff33c30860) Importer(815301076,1909f56bfc062723c751e8b465ee728b)  -> (artifact id: '5c37d41cb8b9785c3a6e2125fb327747') in 0.001350 seconds
  Import took 0.003171 seconds .

========================================================================
Received Import Request.
  Time since last request: 0.000432 seconds.
  path: Assets/Scenes/Amanda.unity
  artifactKey: Guid(c80dd44031783634a91e8aff33c30860) Importer(815301076,1909f56bfc062723c751e8b465ee728b)
Start importing Assets/Scenes/Amanda.unity using Guid(c80dd44031783634a91e8aff33c30860) Importer(815301076,1909f56bfc062723c751e8b465ee728b)  -> (artifact id: '5c37d41cb8b9785c3a6e2125fb327747') in 0.001193 seconds
  Import took 0.003043 seconds .

========================================================================
Received Import Request.
  Time since last request: 7.111669 seconds.
  path: Assets/Scenes/Noah.unity
  artifactKey: Guid(c768ce6b4275b6949a70580f261db561) Importer(815301076,1909f56bfc062723c751e8b465ee728b)
Start importing Assets/Scenes/Noah.unity using Guid(c768ce6b4275b6949a70580f261db561) Importer(815301076,1909f56bfc062723c751e8b465ee728b)  -> (artifact id: 'de3f1ad29d733f4a7eabf165aa0244f2') in 0.001551 seconds
  Import took 0.003624 seconds .

========================================================================
Received Import Request.
  Time since last request: 0.000543 seconds.
  path: Assets/Scenes/Noah.unity
  artifactKey: Guid(c768ce6b4275b6949a70580f261db561) Importer(815301076,1909f56bfc062723c751e8b465ee728b)
Start importing Assets/Scenes/Noah.unity using Guid(c768ce6b4275b6949a70580f261db561) Importer(815301076,1909f56bfc062723c751e8b465ee728b)  -> (artifact id: 'de3f1ad29d733f4a7eabf165aa0244f2') in 0.001267 seconds
  Import took 0.003222 seconds .

========================================================================
Received Import Request.
  Time since last request: 6.761083 seconds.
  path: Assets/Scenes/Izzy.unity
  artifactKey: Guid(b6c2ad6babe92a047a454a778b5307dd) Importer(815301076,1909f56bfc062723c751e8b465ee728b)
Start importing Assets/Scenes/Izzy.unity using Guid(b6c2ad6babe92a047a454a778b5307dd) Importer(815301076,1909f56bfc062723c751e8b465ee728b)  -> (artifact id: 'f871d4127bb647e066e94e7fa3a2695e') in 0.001518 seconds
  Import took 0.003443 seconds .

========================================================================
Received Import Request.
  Time since last request: 0.000693 seconds.
  path: Assets/Scenes/Izzy.unity
  artifactKey: Guid(b6c2ad6babe92a047a454a778b5307dd) Importer(815301076,1909f56bfc062723c751e8b465ee728b)
Start importing Assets/Scenes/Izzy.unity using Guid(b6c2ad6babe92a047a454a778b5307dd) Importer(815301076,1909f56bfc062723c751e8b465ee728b)  -> (artifact id: 'f871d4127bb647e066e94e7fa3a2695e') in 0.001280 seconds
  Import took 0.003129 seconds .

========================================================================
Received Import Request.
  Time since last request: 5.985230 seconds.
  path: Assets/Scenes/Jo.unity
  artifactKey: Guid(5bb35a10a7e6c3b4da4f45e9c937d2c1) Importer(815301076,1909f56bfc062723c751e8b465ee728b)
Start importing Assets/Scenes/Jo.unity using Guid(5bb35a10a7e6c3b4da4f45e9c937d2c1) Importer(815301076,1909f56bfc062723c751e8b465ee728b)  -> (artifact id: '90f182047785c1d56d90a9e6489500d9') in 0.001302 seconds
  Import took 0.003119 seconds .

========================================================================
Received Import Request.
  Time since last request: 0.000513 seconds.
  path: Assets/Scenes/Jo.unity
  artifactKey: Guid(5bb35a10a7e6c3b4da4f45e9c937d2c1) Importer(815301076,1909f56bfc062723c751e8b465ee728b)
Start importing Assets/Scenes/Jo.unity using Guid(5bb35a10a7e6c3b4da4f45e9c937d2c1) Importer(815301076,1909f56bfc062723c751e8b465ee728b)  -> (artifact id: '90f182047785c1d56d90a9e6489500d9') in 0.001358 seconds
  Import took 0.003131 seconds .

AssetImportWorkerClient::OnTransportError - code=2 error=End of file
